  main.cpp
c:\users\neco\desktop\abschluss\programm\myoproject1\myo-sdk-win-0.9.0\include\myo\cxx\detail\throwonerror.hpp(39): warning C4297: 'myo::ThrowOnError::~ThrowOnError': function assumed not to throw an exception but does
  c:\users\neco\desktop\abschluss\programm\myoproject1\myo-sdk-win-0.9.0\include\myo\cxx\detail\throwonerror.hpp(39): note: destructor or deallocator has a (possibly implicit) non-throwing exception specification
c:\users\neco\desktop\abschluss\programm\myoproject1\myo-sdk-win-0.9.0\include\myo\cxx\detail\throwonerror.hpp(45): warning C4297: 'myo::ThrowOnError::~ThrowOnError': function assumed not to throw an exception but does
  c:\users\neco\desktop\abschluss\programm\myoproject1\myo-sdk-win-0.9.0\include\myo\cxx\detail\throwonerror.hpp(45): note: destructor or deallocator has a (possibly implicit) non-throwing exception specification
main.obj : error LNK2019: unresolved external symbol __imp_libmyo_error_cstring referenced in function "public: __cdecl myo::ThrowOnError::~ThrowOnError(void)" (??1ThrowOnError@myo@@QEAA@XZ)
main.obj : error LNK2019: unresolved external symbol __imp_libmyo_error_kind referenced in function "public: __cdecl myo::ThrowOnError::~ThrowOnError(void)" (??1ThrowOnError@myo@@QEAA@XZ)
main.obj : error LNK2019: unresolved external symbol __imp_libmyo_free_error_details referenced in function "public: __cdecl myo::ThrowOnError::~ThrowOnError(void)" (??1ThrowOnError@myo@@QEAA@XZ)
main.obj : error LNK2019: unresolved external symbol __imp_libmyo_init_hub referenced in function "public: __cdecl myo::Hub::Hub(class std::basic_string<char,struct std::char_traits<char>,class std::allocator<char> > const &)" (??0Hub@myo@@QEAA@AEBV?$basic_string@DU?$char_traits@D@std@@V?$allocator@D@2@@std@@@Z)
main.obj : error LNK2019: unresolved external symbol __imp_libmyo_shutdown_hub referenced in function "public: __cdecl myo::Hub::~Hub(void)" (??1Hub@myo@@QEAA@XZ)
main.obj : error LNK2019: unresolved external symbol __imp_libmyo_myo_unlock referenced in function "public: void __cdecl myo::Myo::unlock(enum myo::Myo::UnlockType)" (?unlock@Myo@myo@@QEAAXW4UnlockType@12@@Z)
main.obj : error LNK2019: unresolved external symbol __imp_libmyo_myo_notify_user_action referenced in function "public: void __cdecl myo::Myo::notifyUserAction(void)" (?notifyUserAction@Myo@myo@@QEAAXXZ)
main.obj : error LNK2019: unresolved external symbol __imp_libmyo_event_get_type referenced in function "public: static enum libmyo_handler_result_t __cdecl `public: class myo::Myo * __cdecl myo::Hub::waitForMyo(unsigned int)'::`2'::local::handler(void *,void const *)" (?handler@local@?1??waitForMyo@Hub@myo@@QEAAPEAVMyo@4@I@Z@SA?AW4libmyo_handler_result_t@@PEAXPEBX@Z)
main.obj : error LNK2019: unresolved external symbol __imp_libmyo_event_get_timestamp referenced in function "protected: void __cdecl myo::Hub::onDeviceEvent(void const *)" (?onDeviceEvent@Hub@myo@@IEAAXPEBX@Z)
main.obj : error LNK2019: unresolved external symbol __imp_libmyo_event_get_myo referenced in function "public: static enum libmyo_handler_result_t __cdecl `public: class myo::Myo * __cdecl myo::Hub::waitForMyo(unsigned int)'::`2'::local::handler(void *,void const *)" (?handler@local@?1??waitForMyo@Hub@myo@@QEAAPEAVMyo@4@I@Z@SA?AW4libmyo_handler_result_t@@PEAXPEBX@Z)
main.obj : error LNK2019: unresolved external symbol __imp_libmyo_event_get_firmware_version referenced in function "protected: void __cdecl myo::Hub::onDeviceEvent(void const *)" (?onDeviceEvent@Hub@myo@@IEAAXPEBX@Z)
main.obj : error LNK2019: unresolved external symbol __imp_libmyo_event_get_arm referenced in function "protected: void __cdecl myo::Hub::onDeviceEvent(void const *)" (?onDeviceEvent@Hub@myo@@IEAAXPEBX@Z)
main.obj : error LNK2019: unresolved external symbol __imp_libmyo_event_get_x_direction referenced in function "protected: void __cdecl myo::Hub::onDeviceEvent(void const *)" (?onDeviceEvent@Hub@myo@@IEAAXPEBX@Z)
main.obj : error LNK2019: unresolved external symbol __imp_libmyo_event_get_warmup_state referenced in function "protected: void __cdecl myo::Hub::onDeviceEvent(void const *)" (?onDeviceEvent@Hub@myo@@IEAAXPEBX@Z)
main.obj : error LNK2019: unresolved external symbol __imp_libmyo_event_get_warmup_result referenced in function "protected: void __cdecl myo::Hub::onDeviceEvent(void const *)" (?onDeviceEvent@Hub@myo@@IEAAXPEBX@Z)
main.obj : error LNK2019: unresolved external symbol __imp_libmyo_event_get_rotation_on_arm referenced in function "protected: void __cdecl myo::Hub::onDeviceEvent(void const *)" (?onDeviceEvent@Hub@myo@@IEAAXPEBX@Z)
main.obj : error LNK2019: unresolved external symbol __imp_libmyo_event_get_orientation referenced in function "protected: void __cdecl myo::Hub::onDeviceEvent(void const *)" (?onDeviceEvent@Hub@myo@@IEAAXPEBX@Z)
main.obj : error LNK2019: unresolved external symbol __imp_libmyo_event_get_accelerometer referenced in function "protected: void __cdecl myo::Hub::onDeviceEvent(void const *)" (?onDeviceEvent@Hub@myo@@IEAAXPEBX@Z)
main.obj : error LNK2019: unresolved external symbol __imp_libmyo_event_get_gyroscope referenced in function "protected: void __cdecl myo::Hub::onDeviceEvent(void const *)" (?onDeviceEvent@Hub@myo@@IEAAXPEBX@Z)
main.obj : error LNK2019: unresolved external symbol __imp_libmyo_event_get_pose referenced in function "protected: void __cdecl myo::Hub::onDeviceEvent(void const *)" (?onDeviceEvent@Hub@myo@@IEAAXPEBX@Z)
main.obj : error LNK2019: unresolved external symbol __imp_libmyo_event_get_rssi referenced in function "protected: void __cdecl myo::Hub::onDeviceEvent(void const *)" (?onDeviceEvent@Hub@myo@@IEAAXPEBX@Z)
main.obj : error LNK2019: unresolved external symbol __imp_libmyo_event_get_battery_level referenced in function "protected: void __cdecl myo::Hub::onDeviceEvent(void const *)" (?onDeviceEvent@Hub@myo@@IEAAXPEBX@Z)
main.obj : error LNK2019: unresolved external symbol __imp_libmyo_event_get_emg referenced in function "protected: void __cdecl myo::Hub::onDeviceEvent(void const *)" (?onDeviceEvent@Hub@myo@@IEAAXPEBX@Z)
main.obj : error LNK2019: unresolved external symbol __imp_libmyo_run referenced in function "public: void __cdecl myo::Hub::run(unsigned int)" (?run@Hub@myo@@QEAAXI@Z)
C:\Users\Neco\Desktop\Abschluss\Programm\MyoProject1\myo-sdk-win-0.9.0\lib\myo32.lib : warning LNK4272: library machine type 'X86' conflicts with target machine type 'x64'
C:\Users\Neco\Desktop\Abschluss\Programm\MyoProject1\x64\Debug\MyoProject1.exe : fatal error LNK1120: 24 unresolved externals
